<?xml version="1.0" encoding="UTF-8"?>
<!-- Generated by org.testng.reporters.JUnitReportReporter -->
<testsuite hostname="Villain" failures="0" tests="1" name="vTiger.Product.ToCreatProductPage" time="21.462" errors="0" timestamp="2025-08-01T12:56:11 IST" skipped="0">
  <testcase classname="vTiger.Product.ToCreatProductPage" name="tocreateProductPage" time="21.462"/>
  <system-out>
    <![CDATA[product page created sucsessfully
[ PRO19 ] moto - Product Information]]>
  </system-out>
</testsuite> <!-- vTiger.Product.ToCreatProductPage -->
