<?xml version="1.0" encoding="UTF-8"?>
<!-- Generated by org.testng.reporters.JUnitReportReporter -->
<testsuite hostname="Villain" failures="0" tests="1" name="vTiger.ContactTest.ToCreateContactTest" time="57.054" errors="0" timestamp="2025-08-01T14:47:33 IST" skipped="0">
  <testcase classname="vTiger.ContactTest.ToCreateContactTest" name="toCreateContactTest_001" time="57.054"/>
  <system-out>
    <![CDATA[[ CON115 ] Villain - Contact Information.....passed...]]>
  </system-out>
</testsuite> <!-- vTiger.ContactTest.ToCreateContactTest -->
