<?xml version="1.0" encoding="UTF-8"?>
<!-- Generated by org.testng.reporters.JUnitReportReporter -->
<testsuite hostname="Villain" failures="0" tests="1" name="vTiger.OrganizationTest.ToCreateOrganizationTest" time="20.205" errors="0" timestamp="2024-07-10T09:33:57 IST" skipped="0">
  <testcase classname="vTiger.OrganizationTest.ToCreateOrganizationTest" name="toCreareOrganizationTest_002" time="20.205"/>
  <system-out/>
</testsuite> <!-- vTiger.OrganizationTest.ToCreateOrganizationTest -->
