<?xml version="1.0" encoding="UTF-8"?>
<!-- Generated by org.testng.reporters.JUnitReportReporter -->
<testsuite hostname="Villain" failures="0" tests="1" name="vTiger.LeadsPage.ToCreateLeadInformations" time="16.504" errors="0" timestamp="2025-08-01T14:47:33 IST" skipped="0">
  <testcase classname="vTiger.LeadsPage.ToCreateLeadInformations" name="tocreateleadsTest_001" time="16.504"/>
  <system-out>
    <![CDATA[FirstNme created sucseesfully
lastname sucsess
comapny name created sucsess]]>
  </system-out>
</testsuite> <!-- vTiger.LeadsPage.ToCreateLeadInformations -->
