<?xml version="1.0" encoding="UTF-8"?>
<!-- Generated by org.testng.reporters.JUnitReportReporter -->
<testsuite hostname="Villain" failures="0" tests="1" name="vTiger.ContactTest.ToCreateContactTest" time="18.297" errors="0" timestamp="2025-07-31T13:38:25 IST" skipped="0">
  <testcase classname="vTiger.ContactTest.ToCreateContactTest" name="toCreateContactTest_001" time="18.297"/>
  <system-out>
    <![CDATA[[ CON104 ] Villain - Contact Information.....passed...]]>
  </system-out>
</testsuite> <!-- vTiger.ContactTest.ToCreateContactTest -->
