<?xml version="1.0" encoding="UTF-8"?>
<!-- Generated by org.testng.reporters.JUnitReportReporter -->
<testsuite hostname="Villain" failures="0" tests="1" name="vTiger.ContactTest.ToCreateContactTest" time="64.021" errors="0" timestamp="2025-02-14T14:18:38 IST" skipped="0">
  <testcase classname="vTiger.ContactTest.ToCreateContactTest" name="toCreateContactTest_001" time="64.021"/>
  <system-out>
    <![CDATA[[ CON73 ] Villain - Contact Information.....passed...]]>
  </system-out>
</testsuite> <!-- vTiger.ContactTest.ToCreateContactTest -->
