<?xml version="1.0" encoding="UTF-8"?>
<!-- Generated by org.testng.reporters.JUnitReportReporter -->
<testsuite hostname="Villain" failures="0" tests="1" name="vTiger.CalenderTest.ToCreateCalenderTest" time="17.386" errors="0" timestamp="2025-08-01T17:41:29 IST" skipped="0">
  <testcase classname="vTiger.CalenderTest.ToCreateCalenderTest" name="TocreateCalenderDate" time="17.386"/>
  <system-out>
    <![CDATA[sucsessfullclick on ad button
sucsessfullclick on  meeting]]>
  </system-out>
</testsuite> <!-- vTiger.CalenderTest.ToCreateCalenderTest -->
