<?xml version="1.0" encoding="UTF-8"?>
<!-- Generated by org.testng.reporters.JUnitReportReporter -->
<testsuite hostname="Villain" failures="0" tests="1" name="vTiger.LeadsPageTest.ToCreateLeadInformationsTest" time="19.866" errors="0" timestamp="2025-08-01T20:09:13 IST" skipped="0">
  <testcase classname="vTiger.LeadsPageTest.ToCreateLeadInformationsTest" name="tocreateleadsTest_001" time="19.866"/>
  <system-out>
    <![CDATA[FirstNme created sucseesfully
lastname sucsess
comapny name created sucsess]]>
  </system-out>
</testsuite> <!-- vTiger.LeadsPageTest.ToCreateLeadInformationsTest -->
