<?xml version="1.0" encoding="UTF-8"?>
<!-- Generated by org.testng.reporters.JUnitReportReporter -->
<testsuite hostname="Villain" failures="0" tests="1" name="vTiger.TocreateTicketTest.ToCreatetroubleTictetTest" time="18.347" errors="0" timestamp="2025-08-01T21:20:04 IST" skipped="0">
  <testcase classname="vTiger.TocreateTicketTest.ToCreatetroubleTictetTest" name="ToCreateTroubleTicket" time="18.347"/>
  <system-out>
    <![CDATA[sucsessfully click on troubleticket link
sucsessfully click on look imgae
Facing Issue in productpage]]>
  </system-out>
</testsuite> <!-- vTiger.TocreateTicketTest.ToCreatetroubleTictetTest -->
