<?xml version="1.0" encoding="UTF-8"?>
<!-- Generated by org.testng.reporters.JUnitReportReporter -->
<testsuite hostname="Villain" failures="0" tests="1" name="vTiger.ContactTest.ToCreateContactTest" time="59.611" errors="0" timestamp="2025-01-22T22:45:32 IST" skipped="0">
  <testcase classname="vTiger.ContactTest.ToCreateContactTest" name="toCreateContactTest_001" time="59.611"/>
  <system-out>
    <![CDATA[[ CON72 ] Villain - Contact Information.....passed...]]>
  </system-out>
</testsuite> <!-- vTiger.ContactTest.ToCreateContactTest -->
