<?xml version="1.0" encoding="UTF-8"?>
<!-- Generated by org.testng.reporters.JUnitReportReporter -->
<testsuite hostname="Villain" failures="0" tests="1" name="vTiger.LeadsPage.ToCreateLeadsInfo" time="19.543" errors="0" timestamp="2025-08-01T12:56:11 IST" skipped="0">
  <testcase classname="vTiger.LeadsPage.ToCreateLeadsInfo" name="tocreateleadsTest_001" time="19.543"/>
  <system-out>
    <![CDATA[FirstNme created sucseesfully
lastname sucsess
comapny name created sucsess]]>
  </system-out>
</testsuite> <!-- vTiger.LeadsPage.ToCreateLeadsInfo -->
