<?xml version="1.0" encoding="UTF-8"?>
<!-- Generated by org.testng.reporters.JUnitReportReporter -->
<testsuite hostname="Villain" failures="0" tests="1" name="vTiger.ProductTest.ToCreatProductPageTest" time="18.289" errors="0" timestamp="2025-08-01T17:41:29 IST" skipped="0">
  <testcase classname="vTiger.ProductTest.ToCreatProductPageTest" name="tocreateProductPage" time="18.289"/>
  <system-out>
    <![CDATA[product page created sucsessfully
[ PRO22 ] moto - Product Information]]>
  </system-out>
</testsuite> <!-- vTiger.ProductTest.ToCreatProductPageTest -->
