<?xml version="1.0" encoding="UTF-8"?>
<!-- Generated by org.testng.reporters.JUnitReportReporter -->
<testsuite hostname="Villain" failures="0" tests="1" name="vTiger.Product.ToCreatProductPage" time="15.290" errors="0" timestamp="2025-07-29T14:50:59 IST" skipped="0">
  <testcase classname="vTiger.Product.ToCreatProductPage" name="tocreateProductPage" time="15.290"/>
  <system-out/>
</testsuite> <!-- vTiger.Product.ToCreatProductPage -->
