<?xml version="1.0" encoding="UTF-8"?>
<!-- Generated by org.testng.reporters.JUnitReportReporter -->
<testsuite hostname="Villain" failures="0" tests="1" name="vTiger.ContactTest.ToCreateContactTest" time="19.820" errors="0" timestamp="2025-08-01T12:56:11 IST" skipped="0">
  <testcase classname="vTiger.ContactTest.ToCreateContactTest" name="toCreateContactTest_001" time="19.820"/>
  <system-out>
    <![CDATA[[ CON109 ] Villain - Contact Information.....passed...]]>
  </system-out>
</testsuite> <!-- vTiger.ContactTest.ToCreateContactTest -->
