<?xml version="1.0" encoding="UTF-8"?>
<!-- Generated by org.testng.reporters.JUnitReportReporter -->
<testsuite hostname="Villain" failures="0" tests="1" name="vTiger.LeadsPage.ToCreateLeadsInfo" time="16.721" errors="0" timestamp="2025-07-31T13:38:25 IST" skipped="0">
  <testcase classname="vTiger.LeadsPage.ToCreateLeadsInfo" name="tocreateleadsTest_001" time="16.721"/>
  <system-out>
    <![CDATA[FirstNme created sucseesfully
lastname sucsess
comapny name created sucsess]]>
  </system-out>
</testsuite> <!-- vTiger.LeadsPage.ToCreateLeadsInfo -->
