<?xml version="1.0" encoding="UTF-8"?>
<!-- Generated by org.testng.reporters.JUnitReportReporter -->
<testsuite hostname="Villain" failures="0" tests="1" name="vTiger.Product.ToCreatProductPage" time="25.754" errors="0" timestamp="2025-08-01T14:47:33 IST" skipped="0">
  <testcase classname="vTiger.Product.ToCreatProductPage" name="tocreateProductPage" time="25.754"/>
  <system-out>
    <![CDATA[product page created sucsessfully
[ PRO21 ] moto - Product Information]]>
  </system-out>
</testsuite> <!-- vTiger.Product.ToCreatProductPage -->
