<?xml version="1.0" encoding="UTF-8"?>
<!-- Generated by org.testng.reporters.JUnitReportReporter -->
<testsuite hostname="Villain" failures="0" tests="1" name="vTiger.Calender.ToCreateCalender" time="17.414" errors="0" timestamp="2025-08-01T14:47:33 IST" skipped="0">
  <testcase classname="vTiger.Calender.ToCreateCalender" name="TocreateCalenderDate" time="17.414"/>
  <system-out>
    <![CDATA[sucsessfullclick on ad button
sucsessfullclick on  meeting]]>
  </system-out>
</testsuite> <!-- vTiger.Calender.ToCreateCalender -->
