<?xml version="1.0" encoding="UTF-8"?>
<!-- Generated by org.testng.reporters.JUnitReportReporter -->
<testsuite hostname="Villain" failures="0" tests="1" name="vTiger.Product.ToCreatProductPage" time="16.895" errors="0" timestamp="2025-07-31T13:38:25 IST" skipped="0">
  <testcase classname="vTiger.Product.ToCreatProductPage" name="tocreateProductPage" time="16.895"/>
  <system-out>
    <![CDATA[product page created sucsessfully
[ PRO17 ] moto - Product Information]]>
  </system-out>
</testsuite> <!-- vTiger.Product.ToCreatProductPage -->
